
Showing logs for build [32mcb-kubecd-environment-pr-158-38-5swds-1[0m stage [32mfrom-build-pack[0m and container [32mstep-credential-initializer-sl4jj[0m
{"level":"warn","ts":1581817623.0095384,"logger":"fallback-logger","caller":"logging/config.go:69","msg":"Fetch GitHub commit ID from kodata failed: \"ref: refs/heads/0.8.0-**-support-backwards-incompats\" is not a valid GitHub commit ID"}
{"level":"info","ts":1581817623.0105462,"logger":"fallback-logger","caller":"creds-init/main.go:40","msg":"Credentials initialized."}

Showing logs for build [32mcb-kubecd-environment-pr-158-38-5swds-1[0m stage [32mfrom-build-pack[0m and container [32mstep-working-dir-initializer-j7lfl[0m
{"level":"warn","ts":1581817623.5779088,"logger":"fallback-logger","caller":"logging/config.go:69","msg":"Fetch GitHub commit ID from kodata failed: open /var/run/ko/HEAD: no such file or directory"}
{"level":"info","ts":1581817623.5860574,"logger":"fallback-logger","caller":"bash/main.go:64","msg":"Successfully executed command \"sh -c mkdir -p /workspace/source\"; output "}

Showing logs for build [32mcb-kubecd-environment-pr-158-38-5swds-1[0m stage [32mfrom-build-pack[0m and container [32mstep-place-tools[0m

Showing logs for build [32mcb-kubecd-environment-pr-158-38-5swds-1[0m stage [32mfrom-build-pack[0m and container [32mstep-git-source-cb-kubecd-environment-pr-158-38-5swds-jvx75[0m
{"level":"warn","ts":1581817629.955888,"logger":"fallback-logger","caller":"logging/config.go:69","msg":"Fetch GitHub commit ID from kodata failed: \"ref: refs/heads/0.8.0-**-support-backwards-incompats\" is not a valid GitHub commit ID"}
{"level":"info","ts":1581817630.9980068,"logger":"fallback-logger","caller":"git/git.go:103","msg":"Successfully cloned https://github.com/cb-kubecd/environment-pr-158-38-boot-gke-staging.git @ master in path /workspace/source"}

Showing logs for build [32mcb-kubecd-environment-pr-158-38-5swds-1[0m stage [32mfrom-build-pack[0m and container [32mstep-git-merge[0m
Using SHAs from PULL_REFS=master:643933b3bba08dfe7cac1cd4a760546f50a4425b,8:d19e75e9e40a402c737dd881918dae73de07d384
DEBUG: LC_ALL=C JX_LOG_LEVEL=error git fetch origin --unshallow d19e75e9e40a402c737dd881918dae73de07d384: 643933b3bba08dfe7cac1cd4a760546f50a4425b:
DEBUG: ran git fetch --unshallow origin d19e75e9e40a402c737dd881918dae73de07d384: 643933b3bba08dfe7cac1cd4a760546f50a4425b: in 
DEBUG: JX_LOG_LEVEL=error LC_ALL=C git branch
DEBUG: LC_ALL=C JX_LOG_LEVEL=error git checkout master
DEBUG: ran git checkout master in 
DEBUG: LC_ALL=C JX_LOG_LEVEL=error git reset --hard 643933b3bba08dfe7cac1cd4a760546f50a4425b
DEBUG: ran git reset --hard 643933b3bba08dfe7cac1cd4a760546f50a4425b in 
DEBUG: LC_ALL=C JX_LOG_LEVEL=error git clean -fd .
DEBUG: ran clean --force -d . in 
DEBUG: JX_LOG_LEVEL=error LC_ALL=C git merge d19e75e9e40a402c737dd881918dae73de07d384
DEBUG: ran git merge d19e75e9e40a402c737dd881918dae73de07d384 in 
DEBUG: LC_ALL=C JX_LOG_LEVEL=error git log --format=%H%x1f%an%x1f%ae%x1f%cn%x1f%ce%x1f%s%n%b%x1e 643933b3bba08dfe7cac1cd4a760546f50a4425b..HEAD
Merged SHA d19e75e9e40a402c737dd881918dae73de07d384 with commit message 'chore: Promote bdd-sbhg-import-1581815819 to version 0.0.1' into base branch master

Showing logs for build [32mcb-kubecd-environment-pr-158-38-5swds-1[0m stage [32mfrom-build-pack[0m and container [32mstep-build-helm-build[0m
WARNING: No $CHART_REPOSITORY defined so using the default value of: http://jenkins-x-chartmuseum:8080
Adding missing Helm repo: storage.googleapis.com https://storage.googleapis.com/chartmuseum.jenkins-x.io
WARNING: No secrets found on "helm/repos" due: reading the secret "helm/repos" from vault: no secret "helm/repos" not found in vault
Read credentials for https://storage.googleapis.com/chartmuseum.jenkins-x.io from vault helm/repos
Successfully added Helm repository storage.googleapis.com.
Adding missing Helm repo: jenkins-x-chartmuseum http://jenkins-x-chartmuseum:8080
WARNING: No secrets found on "helm/repos" due: reading the secret "helm/repos" from vault: no secret "helm/repos" not found in vault
Read credentials for http://jenkins-x-chartmuseum:8080 from vault helm/repos
Successfully added Helm repository jenkins-x-chartmuseum.
WARNING: No $CHART_REPOSITORY defined so using the default value of: http://jenkins-x-chartmuseum:8080
Adding missing Helm repo: chartmuseum.jenkins-x.io http://chartmuseum.jenkins-x.io
WARNING: No secrets found on "helm/repos" due: reading the secret "helm/repos" from vault: no secret "helm/repos" not found in vault
Read credentials for http://chartmuseum.jenkins-x.io from vault helm/repos
Successfully added Helm repository chartmuseum.jenkins-x.io.
