
Showing logs for build [32mcb-kubecd-environment-pr-158-38-767hs-1[0m stage [32mfrom-build-pack[0m and container [32mstep-credential-initializer-dzrgq[0m
{"level":"warn","ts":1581817021.0505705,"logger":"fallback-logger","caller":"logging/config.go:69","msg":"Fetch GitHub commit ID from kodata failed: \"ref: refs/heads/0.8.0-**-support-backwards-incompats\" is not a valid GitHub commit ID"}
{"level":"info","ts":1581817021.051401,"logger":"fallback-logger","caller":"creds-init/main.go:40","msg":"Credentials initialized."}

Showing logs for build [32mcb-kubecd-environment-pr-158-38-767hs-1[0m stage [32mfrom-build-pack[0m and container [32mstep-working-dir-initializer-sbwnf[0m
{"level":"warn","ts":1581817021.899901,"logger":"fallback-logger","caller":"logging/config.go:69","msg":"Fetch GitHub commit ID from kodata failed: open /var/run/ko/HEAD: no such file or directory"}
{"level":"info","ts":1581817021.9024565,"logger":"fallback-logger","caller":"bash/main.go:64","msg":"Successfully executed command \"sh -c mkdir -p /workspace/source\"; output "}

Showing logs for build [32mcb-kubecd-environment-pr-158-38-767hs-1[0m stage [32mfrom-build-pack[0m and container [32mstep-place-tools[0m

Showing logs for build [32mcb-kubecd-environment-pr-158-38-767hs-1[0m stage [32mfrom-build-pack[0m and container [32mstep-git-source-cb-kubecd-environment-pr-158-38-767hs-rr5rc[0m
{"level":"warn","ts":1581817025.2122493,"logger":"fallback-logger","caller":"logging/config.go:69","msg":"Fetch GitHub commit ID from kodata failed: \"ref: refs/heads/0.8.0-**-support-backwards-incompats\" is not a valid GitHub commit ID"}
{"level":"info","ts":1581817026.2270446,"logger":"fallback-logger","caller":"git/git.go:103","msg":"Successfully cloned https://github.com/cb-kubecd/environment-pr-158-38-boot-gke-staging.git @ master in path /workspace/source"}

Showing logs for build [32mcb-kubecd-environment-pr-158-38-767hs-1[0m stage [32mfrom-build-pack[0m and container [32mstep-git-merge[0m
Using SHAs from PULL_REFS=master:2ba55387f2e204e342985fae7c4bd5f72ba323fe,7:54a5f7463ce2a4c6b32ce2d385901fa321f66760
DEBUG: JX_LOG_LEVEL=error LC_ALL=C git fetch origin --unshallow 54a5f7463ce2a4c6b32ce2d385901fa321f66760: 2ba55387f2e204e342985fae7c4bd5f72ba323fe:
DEBUG: ran git fetch --unshallow origin 54a5f7463ce2a4c6b32ce2d385901fa321f66760: 2ba55387f2e204e342985fae7c4bd5f72ba323fe: in 
DEBUG: LC_ALL=C JX_LOG_LEVEL=error git branch
DEBUG: LC_ALL=C JX_LOG_LEVEL=error git checkout master
DEBUG: ran git checkout master in 
DEBUG: LC_ALL=C JX_LOG_LEVEL=error git reset --hard 2ba55387f2e204e342985fae7c4bd5f72ba323fe
DEBUG: ran git reset --hard 2ba55387f2e204e342985fae7c4bd5f72ba323fe in 
DEBUG: JX_LOG_LEVEL=error LC_ALL=C git clean -fd .
DEBUG: ran clean --force -d . in 
DEBUG: JX_LOG_LEVEL=error LC_ALL=C git merge 54a5f7463ce2a4c6b32ce2d385901fa321f66760
DEBUG: ran git merge 54a5f7463ce2a4c6b32ce2d385901fa321f66760 in 
DEBUG: LC_ALL=C JX_LOG_LEVEL=error git log --format=%H%x1f%an%x1f%ae%x1f%cn%x1f%ce%x1f%s%n%b%x1e 2ba55387f2e204e342985fae7c4bd5f72ba323fe..HEAD
Merged SHA 54a5f7463ce2a4c6b32ce2d385901fa321f66760 with commit message 'chore: Promote bdd-sbrp-import-1581815819 to version 0.0.1' into base branch master

Showing logs for build [32mcb-kubecd-environment-pr-158-38-767hs-1[0m stage [32mfrom-build-pack[0m and container [32mstep-build-helm-build[0m
WARNING: No $CHART_REPOSITORY defined so using the default value of: http://jenkins-x-chartmuseum:8080
Adding missing Helm repo: storage.googleapis.com https://storage.googleapis.com/chartmuseum.jenkins-x.io
WARNING: No secrets found on "helm/repos" due: reading the secret "helm/repos" from vault: no secret "helm/repos" not found in vault
Read credentials for https://storage.googleapis.com/chartmuseum.jenkins-x.io from vault helm/repos
Successfully added Helm repository storage.googleapis.com.
Adding missing Helm repo: jenkins-x-chartmuseum http://jenkins-x-chartmuseum:8080
WARNING: No secrets found on "helm/repos" due: reading the secret "helm/repos" from vault: no secret "helm/repos" not found in vault
Read credentials for http://jenkins-x-chartmuseum:8080 from vault helm/repos
Successfully added Helm repository jenkins-x-chartmuseum.
WARNING: No $CHART_REPOSITORY defined so using the default value of: http://jenkins-x-chartmuseum:8080
Adding missing Helm repo: chartmuseum.jenkins-x.io http://chartmuseum.jenkins-x.io
WARNING: No secrets found on "helm/repos" due: reading the secret "helm/repos" from vault: no secret "helm/repos" not found in vault
Read credentials for http://chartmuseum.jenkins-x.io from vault helm/repos
Successfully added Helm repository chartmuseum.jenkins-x.io.
